
/home/runner/work/exp-forming-sentences-2-iiith/exp-forming-sentences-2-iiith/experiment/simulation/js/bootstrap.js
    17:3  warning  'jQuery' is not defined                                     no-undef
    77:3  warning  'jQuery' is not defined                                     no-undef
   172:3  warning  'jQuery' is not defined                                     no-undef
   293:3  warning  'jQuery' is not defined                                     no-undef
   531:3  warning  'jQuery' is not defined                                     no-undef
   661:7  warning  Unexpected newline between object and [ of property access  no-unexpected-multiline
   743:3  warning  'jQuery' is not defined                                     no-undef
   909:3  warning  'jQuery' is not defined                                     no-undef
  1247:3  warning  'jQuery' is not defined                                     no-undef
  1762:3  warning  'jQuery' is not defined                                     no-undef
  1871:3  warning  'jQuery' is not defined                                     no-undef
  2044:3  warning  'jQuery' is not defined                                     no-undef
  2200:3  warning  'jQuery' is not defined                                     no-undef
  2363:3  warning  'jQuery' is not defined                                     no-undef

/home/runner/work/exp-forming-sentences-2-iiith/exp-forming-sentences-2-iiith/experiment/simulation/js/bootstrap.min.js
  6:285    warning  'jQuery' is not defined                 no-undef
  6:1041   warning  'jQuery' is not defined                 no-undef
  6:1975   warning  'jQuery' is not defined                 no-undef
  6:3839   warning  'jQuery' is not defined                 no-undef
  6:7882   warning  'jQuery' is not defined                 no-undef
  6:11250  warning  'jQuery' is not defined                 no-undef
  6:13595  warning  'jQuery' is not defined                 no-undef
  6:19576  warning  'jQuery' is not defined                 no-undef
  6:27121  warning  'a' is assigned a value but never used  no-unused-vars
  6:28444  warning  'jQuery' is not defined                 no-undef
  6:30033  warning  'jQuery' is not defined                 no-undef
  7:416    warning  'jQuery' is not defined                 no-undef
  7:2236   warning  'jQuery' is not defined                 no-undef
  7:4649   warning  'jQuery' is not defined                 no-undef

/home/runner/work/exp-forming-sentences-2-iiith/exp-forming-sentences-2-iiith/experiment/simulation/js/cbc-mac.js
   15:1   warning  Mixed spaces and tabs                        no-mixed-spaces-and-tabs
   29:5   warning  'ret' is not defined                         no-undef
   30:9   warning  'i' is not defined                           no-undef
   30:14  warning  'i' is not defined                           no-undef
   30:21  warning  'i' is not defined                           no-undef
   31:9   warning  'ret' is not defined                         no-undef
   33:12  warning  'ret' is not defined                         no-undef
   76:10  warning  'next_plain_text' is defined but never used  no-unused-vars
   81:10  warning  'next_key' is defined but never used         no-unused-vars
   86:10  warning  'next_IV' is defined but never used          no-unused-vars
   94:4   warning  Mixed spaces and tabs                        no-mixed-spaces-and-tabs
  106:9   warning  'i' is not defined                           no-undef
  106:13  warning  'i' is not defined                           no-undef
  106:17  warning  'i' is not defined                           no-undef
  107:31  warning  'i' is not defined                           no-undef
  155:10  warning  'apply_function' is defined but never used   no-unused-vars
  177:10  warning  'CheckAnswer' is defined but never used      no-unused-vars

/home/runner/work/exp-forming-sentences-2-iiith/exp-forming-sentences-2-iiith/experiment/simulation/js/custom.js
   8:1   warning  '$' is not defined  no-undef
   9:5   warning  '$' is not defined  no-undef
  10:23  warning  '$' is not defined  no-undef
  11:9   warning  '$' is not defined  no-undef
  12:24  warning  '$' is not defined  no-undef
  19:1   warning  '$' is not defined  no-undef
  20:5   warning  '$' is not defined  no-undef
  21:9   warning  '$' is not defined  no-undef
  21:72  warning  '$' is not defined  no-undef
  23:9   warning  '$' is not defined  no-undef
  25:9   warning  '$' is not defined  no-undef
  30:1   warning  '$' is not defined  no-undef
  35:1   warning  '$' is not defined  no-undef
  36:5   warning  '$' is not defined  no-undef

/home/runner/work/exp-forming-sentences-2-iiith/exp-forming-sentences-2-iiith/experiment/simulation/js/des.js
  162:9   warning  'i' is not defined                           no-undef
  162:14  warning  'i' is not defined                           no-undef
  162:20  warning  'i' is not defined                           no-undef
  163:18  warning  'i' is not defined                           no-undef
  163:36  warning  'i' is not defined                           no-undef
  282:9   warning  'i' is not defined                           no-undef
  282:14  warning  'i' is not defined                           no-undef
  282:20  warning  'i' is not defined                           no-undef
  285:14  warning  'i' is not defined                           no-undef
  285:21  warning  'i' is not defined                           no-undef
  288:9   warning  'i' is not defined                           no-undef
  288:16  warning  'i' is not defined                           no-undef
  420:10  warning  'do_des' is defined but never used           no-unused-vars
  500:10  warning  'changeKeyA' is defined but never used       no-unused-vars
  504:10  warning  'changeKeyB' is defined but never used       no-unused-vars
  508:10  warning  'changePlaintext' is defined but never used  no-unused-vars
  517:10  warning  'checkAnswer' is defined but never used      no-unused-vars

/home/runner/work/exp-forming-sentences-2-iiith/exp-forming-sentences-2-iiith/experiment/simulation/js/exp1.js
   5:10  warning  'Shift_Encrypt' is defined but never used    no-unused-vars
  10:5   warning  'ciphertext' is not defined                  no-undef
  11:9   warning  'i' is not defined                           no-undef
  11:14  warning  'i' is not defined                           no-undef
  11:34  warning  'i' is not defined                           no-undef
  12:37  warning  'i' is not defined                           no-undef
  12:42  warning  'ciphertext' is not defined                  no-undef
  12:98  warning  'i' is not defined                           no-undef
  13:14  warning  'ciphertext' is not defined                  no-undef
  13:45  warning  'i' is not defined                           no-undef
  15:42  warning  'ciphertext' is not defined                  no-undef
  18:10  warning  'Shift_Decrypt' is defined but never used    no-unused-vars
  20:5   warning  'ciphertext' is not defined                  no-undef
  22:8   warning  'ciphertext' is not defined                  no-undef
  24:5   warning  'plaintext' is not defined                   no-undef
  25:9   warning  'i' is not defined                           no-undef
  25:14  warning  'i' is not defined                           no-undef
  25:16  warning  'ciphertext' is not defined                  no-undef
  25:35  warning  'i' is not defined                           no-undef
  26:20  warning  'ciphertext' is not defined                  no-undef
  26:38  warning  'i' is not defined                           no-undef
  26:43  warning  'plaintext' is not defined                   no-undef
  26:77  warning  'ciphertext' is not defined                  no-undef
  26:99  warning  'i' is not defined                           no-undef
  27:14  warning  'plaintext' is not defined                   no-undef
  27:27  warning  'ciphertext' is not defined                  no-undef
  27:45  warning  'i' is not defined                           no-undef
  29:43  warning  'plaintext' is not defined                   no-undef
  46:10  warning  'Next_Shift_Test' is defined but never used  no-unused-vars
  55:10  warning  'CheckAnswer' is defined but never used      no-unused-vars

/home/runner/work/exp-forming-sentences-2-iiith/exp-forming-sentences-2-iiith/experiment/simulation/js/exp2.js
    1:10   warning  'Mono_Encrypt' is defined but never used       no-unused-vars
    2:5    warning  'plaintext' is not defined                     no-undef
    3:5    warning  'key' is not defined                           no-undef
    4:8    warning  'plaintext' is not defined                     no-undef
    5:8    warning  'key' is not defined                           no-undef
    6:5    warning  'ciphertext' is not defined                    no-undef
    7:9    warning  'i' is not defined                             no-undef
    7:14   warning  'i' is not defined                             no-undef
    7:16   warning  'plaintext' is not defined                     no-undef
    7:34   warning  'i' is not defined                             no-undef
    8:20   warning  'plaintext' is not defined                     no-undef
    8:37   warning  'i' is not defined                             no-undef
    8:42   warning  'ciphertext' is not defined                    no-undef
    8:56   warning  'key' is not defined                           no-undef
    8:67   warning  'plaintext' is not defined                     no-undef
    8:88   warning  'i' is not defined                             no-undef
    9:15   warning  'ciphertext' is not defined                    no-undef
    9:29   warning  'plaintext' is not defined                     no-undef
    9:46   warning  'i' is not defined                             no-undef
   12:46   warning  'ciphertext' is not defined                    no-undef
   14:46   warning  'ciphertext' is not defined                    no-undef
   17:10   warning  'Mono_Decrypt' is defined but never used       no-unused-vars
   17:23   warning  'f' is defined but never used                  no-unused-vars
   18:5    warning  'ciphertext' is not defined                    no-undef
   19:5    warning  'key' is not defined                           no-undef
   20:8    warning  'ciphertext' is not defined                    no-undef
   21:8    warning  'key' is not defined                           no-undef
   22:5    warning  'plaintext' is not defined                     no-undef
   23:9    warning  'i' is not defined                             no-undef
   23:14   warning  'i' is not defined                             no-undef
   23:16   warning  'ciphertext' is not defined                    no-undef
   23:35   warning  'i' is not defined                             no-undef
   24:20   warning  'ciphertext' is not defined                    no-undef
   24:38   warning  'i' is not defined                             no-undef
   24:43   warning  'plaintext' is not defined                     no-undef
   24:76   warning  'key' is not defined                           no-undef
   24:88   warning  'ciphertext' is not defined                    no-undef
   24:106  warning  'i' is not defined                             no-undef
   25:15   warning  'plaintext' is not defined                     no-undef
   25:28   warning  'ciphertext' is not defined                    no-undef
   25:46   warning  'i' is not defined                             no-undef
   27:42   warning  'plaintext' is not defined                     no-undef
   30:10   warning  'Mono_GenRandKey' is defined but never used    no-unused-vars
   33:5    warning  'ret' is not defined                           no-undef
   33:13   warning  'lim' is not defined                           no-undef
   34:9    warning  'i' is not defined                             no-undef
   34:14   warning  'i' is not defined                             no-undef
   34:16   warning  'lim' is not defined                           no-undef
   34:21   warning  'i' is not defined                             no-undef
   35:9    warning  'index' is not defined                         no-undef
   36:9    warning  'ret' is not defined                           no-undef
   36:22   warning  'index' is not defined                         no-undef
   37:22   warning  'index' is not defined                         no-undef
   39:44   warning  'ret' is not defined                           no-undef
   46:10   warning  'Next_Mono_Test' is defined but never used     no-unused-vars
   54:10   warning  'CalculateFreq' is defined but never used      no-unused-vars
   62:14   warning  'i' is already defined                         no-redeclare
   65:1    warning  Mixed spaces and tabs                          no-mixed-spaces-and-tabs
   69:14   warning  'i' is already defined                         no-redeclare
   74:14   warning  'i' is already defined                         no-redeclare
   80:14   warning  'i' is already defined                         no-redeclare
   85:1    warning  Mixed spaces and tabs                          no-mixed-spaces-and-tabs
   90:14   warning  'i' is already defined                         no-redeclare
   96:14   warning  'i' is already defined                         no-redeclare
   98:6    warning  'num' is already defined                       no-redeclare
  101:1    warning  Mixed spaces and tabs                          no-mixed-spaces-and-tabs
  109:10   warning  'Reset' is defined but never used              no-unused-vars
  114:10   warning  'ModifyUserText' is defined but never used     no-unused-vars
  121:1    warning  Mixed spaces and tabs                          no-mixed-spaces-and-tabs
  123:1    warning  Mixed spaces and tabs                          no-mixed-spaces-and-tabs
  131:10   warning  'ModifyUserText2' is defined but never used    no-unused-vars
  138:1    warning  Mixed spaces and tabs                          no-mixed-spaces-and-tabs
  140:1    warning  Mixed spaces and tabs                          no-mixed-spaces-and-tabs
  142:1    warning  Mixed spaces and tabs                          no-mixed-spaces-and-tabs
  150:10   warning  'checkAnswer' is defined but never used        no-unused-vars
  151:9    warning  'userText' is assigned a value but never used  no-unused-vars
  152:9    warning  'initChar' is assigned a value but never used  no-unused-vars

/home/runner/work/exp-forming-sentences-2-iiith/exp-forming-sentences-2-iiith/experiment/simulation/js/jquery-1.4.2.min.js
   19:199  warning  Expected a conditional expression and instead saw an assignment  no-cond-assign
   20:9    warning  Expected a conditional expression and instead saw an assignment  no-cond-assign
   20:486  warning  Unnecessary escape character: \[                                 no-useless-escape
   20:488  warning  Unnecessary escape character: \.                                 no-useless-escape
   22:49   warning  Expected a conditional expression and instead saw an assignment  no-cond-assign
   22:285  warning  Expected a conditional expression and instead saw an assignment  no-cond-assign
   26:277  warning  Expected a conditional expression and instead saw an assignment  no-cond-assign
   27:191  warning  Empty block statement                                            no-empty
   28:289  warning  Unnecessary escape character: \/                                 no-useless-escape
   28:385  warning  Unnecessary escape character: \-                                 no-useless-escape
   32:189  warning  Unnecessary escape character: \/                                 no-useless-escape
   32:235  warning  Unnecessary escape character: \/                                 no-useless-escape
   35:257  warning  Empty block statement                                            no-empty
   44:325  warning  Expected a conditional expression and instead saw an assignment  no-cond-assign
   48:523  warning  Unnecessary escape character: \.                                 no-useless-escape
   48:525  warning  Unnecessary escape character: \|                                 no-useless-escape
   49:211  warning  Expected a conditional expression and instead saw an assignment  no-cond-assign
   49:423  warning  Expected a conditional expression and instead saw an assignment  no-cond-assign
   51:171  warning  Expected a conditional expression and instead saw an assignment  no-cond-assign
   51:331  warning  Expected a conditional expression and instead saw an assignment  no-cond-assign
   52:271  warning  Expected a conditional expression and instead saw an assignment  no-cond-assign
   53:487  warning  Empty block statement                                            no-empty
   54:261  warning  Expected a conditional expression and instead saw an assignment  no-cond-assign
   54:327  warning  Empty block statement                                            no-empty
   60:185  warning  Empty block statement                                            no-empty
   69:272  warning  Empty block statement                                            no-empty
   70:573  warning  Unnecessary escape character: \[                                 no-useless-escape
   74:59   warning  Expected a conditional expression and instead saw an assignment  no-cond-assign
   75:47   warning  Expected a conditional expression and instead saw an assignment  no-cond-assign
   76:201  warning  Unnecessary escape character: \*                                 no-useless-escape
   76:403  warning  Unnecessary escape character: \)                                 no-useless-escape
   76:412  warning  Unnecessary escape character: \(                                 no-useless-escape
   76:414  warning  Unnecessary escape character: \)                                 no-useless-escape
   77:141  warning  Expected a conditional expression and instead saw an assignment  no-cond-assign
   77:498  warning  Expected a conditional expression and instead saw an assignment  no-cond-assign
   78:395  warning  Expected a conditional expression and instead saw an assignment  no-cond-assign
   84:204  warning  Expected a conditional expression and instead saw an assignment  no-cond-assign
   84:287  warning  Expected a 'break' statement before 'case'                       no-fallthrough
   84:304  warning  Expected a conditional expression and instead saw an assignment  no-cond-assign
   86:378  warning  Unnecessary escape character: \[                                 no-useless-escape
   86:390  warning  Unnecessary escape character: \(                                 no-useless-escape
   89:427  warning  Expected a conditional expression and instead saw an assignment  no-cond-assign
   91:447  warning  Empty block statement                                            no-empty
   93:83   warning  Expected a conditional expression and instead saw an assignment  no-cond-assign
   93:210  warning  Expected a conditional expression and instead saw an assignment  no-cond-assign
  109:483  warning  Expected a conditional expression and instead saw an assignment  no-cond-assign
  113:444  warning  Expected a conditional expression and instead saw an assignment  no-cond-assign
  116:263  warning  Move function declaration to function body root                  no-inner-declarations
  117:475  warning  Expected a conditional expression and instead saw an assignment  no-cond-assign
  119:438  warning  Unnecessary escape character: \/                                 no-useless-escape
  123:283  warning  Empty block statement                                            no-empty
  125:414  warning  Empty block statement                                            no-empty
  128:269  warning  Empty block statement                                            no-empty
  130:21   warning  Empty block statement                                            no-empty
  131:28   warning  Empty block statement                                            no-empty
  146:267  warning  Expected a conditional expression and instead saw an assignment  no-cond-assign
  152:362  warning  Expected a conditional expression and instead saw an assignment  no-cond-assign
  152:458  warning  Expected a conditional expression and instead saw an assignment  no-cond-assign

/home/runner/work/exp-forming-sentences-2-iiith/exp-forming-sentences-2-iiith/experiment/simulation/js/jquery-1.7.1.min.js
  2:820    warning  Empty block statement                                            no-empty
  2:877    warning  Empty block statement                                            no-empty
  2:4720   warning  'b' is defined but never used                                    no-unused-vars
  2:5126   warning  'd' is defined but never used                                    no-unused-vars
  2:5302   warning  'd' is defined but never used                                    no-unused-vars
  2:6027   warning  Empty block statement                                            no-empty
  2:6428   warning  Unnecessary escape character: \-                                 no-useless-escape
  2:6523   warning  Unnecessary escape character: \/                                 no-useless-escape
  2:6608   warning  Unnecessary escape character: \-                                 no-useless-escape
  2:6658   warning  Unnecessary escape character: \/                                 no-useless-escape
  2:6697   warning  Unnecessary escape character: \/                                 no-useless-escape
  2:10196  warning  Empty block statement                                            no-empty
  2:11255  warning  'ActiveXObject' is not defined                                   no-undef
  2:14574  warning  'i' is defined but never used                                    no-unused-vars
  2:16984  warning  'h' is assigned a value but never used                           no-unused-vars
  2:17279  warning  'm' is defined but never used                                    no-unused-vars
  2:17312  warning  'r' is assigned a value but never used                           no-unused-vars
  2:19399  warning  'g' is defined but never used                                    no-unused-vars
  2:21309  warning  Redundant double negation                                        no-extra-boolean-cast
  2:21836  warning  Redundant double negation                                        no-extra-boolean-cast
  2:24565  warning  'c' is assigned a value but never used                           no-unused-vars
  2:24675  warning  Expected a conditional expression and instead saw an assignment  no-cond-assign
  2:25416  warning  Empty block statement                                            no-empty
  2:26513  warning  Expected a conditional expression and instead saw an assignment  no-cond-assign
  2:26963  warning  Redundant double negation                                        no-extra-boolean-cast
  2:31862  warning  Unnecessary escape character: \.                                 no-useless-escape
  2:31999  warning  Unnecessary escape character: \-                                 no-useless-escape
  2:32015  warning  Unnecessary escape character: \-                                 no-useless-escape
  3:56     warning  'q' is defined but never used                                    no-unused-vars
  3:3638   warning  't' is defined but never used                                    no-unused-vars
  3:7367   warning  'g' is assigned a value but never used                           no-unused-vars
  3:11980  warning  Unnecessary escape character: \[                                 no-useless-escape
  3:12006  warning  Unnecessary escape character: \[                                 no-useless-escape
  3:12031  warning  Unnecessary escape character: \[                                 no-useless-escape
  3:13787  warning  Expected a conditional expression and instead saw an assignment  no-cond-assign
  3:15016  warning  Expected a conditional expression and instead saw an assignment  no-cond-assign
  3:15136  warning  Unnecessary escape character: \-                                 no-useless-escape
  3:15177  warning  Unnecessary escape character: \-                                 no-useless-escape
  3:15227  warning  Unnecessary escape character: \-                                 no-useless-escape
  3:15277  warning  Unnecessary escape character: \-                                 no-useless-escape
  3:15341  warning  Unnecessary escape character: \-                                 no-useless-escape
  3:15388  warning  Unnecessary escape character: \*                                 no-useless-escape
  3:15390  warning  Unnecessary escape character: \-                                 no-useless-escape
  3:15460  warning  Unnecessary escape character: \-                                 no-useless-escape
  3:15473  warning  Unnecessary escape character: \-                                 no-useless-escape
  3:15491  warning  Unnecessary escape character: \-                                 no-useless-escape
  3:15572  warning  Unnecessary escape character: \-                                 no-useless-escape
  3:15609  warning  Unnecessary escape character: \-                                 no-useless-escape
  3:15639  warning  Unnecessary escape character: \)                                 no-useless-escape
  3:15648  warning  Unnecessary escape character: \(                                 no-useless-escape
  3:15650  warning  Unnecessary escape character: \)                                 no-useless-escape
  3:15970  warning  Expected a conditional expression and instead saw an assignment  no-cond-assign
  3:17350  warning  'b' is defined but never used                                    no-unused-vars
  3:17505  warning  Unnecessary escape character: \-                                 no-useless-escape
  3:20157  warning  'h' is defined but never used                                    no-unused-vars
  3:20213  warning  Expected a conditional expression and instead saw an assignment  no-cond-assign
  3:20288  warning  Expected a 'break' statement before 'case'                       no-fallthrough
  3:20305  warning  Expected a conditional expression and instead saw an assignment  no-cond-assign
  3:21442  warning  Unnecessary escape character: \[                                 no-useless-escape
  3:21454  warning  Unnecessary escape character: \(                                 no-useless-escape
  3:23990  warning  Unnecessary escape character: \-                                 no-useless-escape
  3:24003  warning  Unnecessary escape character: \-                                 no-useless-escape
  3:24412  warning  Empty block statement                                            no-empty
  3:24694  warning  Empty block statement                                            no-empty
  3:25075  warning  Unnecessary escape character: \=                                 no-useless-escape
  3:25256  warning  Empty block statement                                            no-empty
  3:26114  warning  Expected a conditional expression and instead saw an assignment  no-cond-assign
  3:26509  warning  Unnecessary escape character: \[                                 no-useless-escape
  3:26511  warning  Unnecessary escape character: \.                                 no-useless-escape
  3:29597  warning  'd' is defined but never used                                    no-unused-vars
  3:30269  warning  Unnecessary escape character: \-                                 no-useless-escape
  3:30271  warning  Unnecessary escape character: \-                                 no-useless-escape
  4:5068   warning  Unnecessary escape character: \-                                 no-useless-escape
  4:5076   warning  Unnecessary escape character: \-                                 no-useless-escape
  4:6100   warning  Empty block statement                                            no-empty
  4:8493   warning  Unnecessary escape character: \-                                 no-useless-escape
  4:8505   warning  Unnecessary escape character: \-                                 no-useless-escape
  4:8697   warning  Unnecessary escape character: \+                                 no-useless-escape
  4:8699   warning  Unnecessary escape character: \.                                 no-useless-escape
  4:8701   warning  Unnecessary escape character: \-                                 no-useless-escape
  4:8717   warning  Unnecessary escape character: \/                                 no-useless-escape
  4:9799   warning  'c' is defined but never used                                    no-unused-vars
  4:11116  warning  Expected a conditional expression and instead saw an assignment  no-cond-assign
  4:11178  warning  Expected a conditional expression and instead saw an assignment  no-cond-assign
  4:12065  warning  Expected a conditional expression and instead saw an assignment  no-cond-assign
  4:14424  warning  Unnecessary escape character: \=                                 no-useless-escape
  4:16789  warning  Empty block statement                                            no-empty
  4:17420  warning  Unnecessary escape character: \-                                 no-useless-escape
  4:17432  warning  Unnecessary escape character: \-                                 no-useless-escape
  4:24520  warning  Empty block statement                                            no-empty
  4:25630  warning  'e' is assigned a value but never used                           no-unused-vars
  4:28559  warning  'define' is not defined                                          no-undef
  4:28571  warning  'define' is not defined                                          no-undef
  4:28590  warning  'define' is not defined                                          no-undef

/home/runner/work/exp-forming-sentences-2-iiith/exp-forming-sentences-2-iiith/experiment/simulation/js/jquery.js
  2:71     warning  'module' is not defined                                                    no-undef
  2:86     warning  'module' is not defined                                                    no-undef
  2:5615   warning  Unexpected control character(s) in regular expression: \x1f, \x1f          no-control-regex
  2:6098   warning  Expected a conditional expression and instead saw an assignment            no-cond-assign
  2:6322   warning  Expected a conditional expression and instead saw an assignment            no-cond-assign
  2:6830   warning  Expected a conditional expression and instead saw an assignment            no-cond-assign
  2:7600   warning  Expected a conditional expression and instead saw an assignment            no-cond-assign
  2:9866   warning  Expected a conditional expression and instead saw an assignment            no-cond-assign
  2:10176  warning  Expected a conditional expression and instead saw an assignment            no-cond-assign
  2:12190  warning  Expected a conditional expression and instead saw an assignment            no-cond-assign
  2:12758  warning  Expected a conditional expression and instead saw an assignment            no-cond-assign
  2:12796  warning  Expected a conditional expression and instead saw an assignment            no-cond-assign
  2:13779  warning  Expected a conditional expression and instead saw an assignment            no-cond-assign
  2:14091  warning  Expected a conditional expression and instead saw an assignment            no-cond-assign
  2:15919  warning  Expected a conditional expression and instead saw an assignment            no-cond-assign
  2:16190  warning  Expected a conditional expression and instead saw an assignment            no-cond-assign
  2:16388  warning  Expected a conditional expression and instead saw an assignment            no-cond-assign
  2:16762  warning  Do not access Object.prototype method 'hasOwnProperty' from target object  no-prototype-builtins
  2:17452  warning  Expected a conditional expression and instead saw an assignment            no-cond-assign
  2:19272  warning  Expected a conditional expression and instead saw an assignment            no-cond-assign
  2:19372  warning  Expected a conditional expression and instead saw an assignment            no-cond-assign
  2:19432  warning  Expected a conditional expression and instead saw an assignment            no-cond-assign
  2:19616  warning  Expected a conditional expression and instead saw an assignment            no-cond-assign
  2:20785  warning  Expected a conditional expression and instead saw an assignment            no-cond-assign
  2:22057  warning  Expected a conditional expression and instead saw an assignment            no-cond-assign
  2:22168  warning  Expected a conditional expression and instead saw an assignment            no-cond-assign
  2:24334  warning  Unnecessary escape character: \/                                           no-useless-escape
  2:33946  warning  Empty block statement                                                      no-empty
  2:37691  warning  Unnecessary escape character: \/                                           no-useless-escape
  2:39340  warning  Expected a conditional expression and instead saw an assignment            no-cond-assign
  2:39456  warning  Expected a conditional expression and instead saw an assignment            no-cond-assign
  2:39716  warning  Empty block statement                                                      no-empty
  2:49400  warning  Expected a conditional expression and instead saw an assignment            no-cond-assign
  2:50960  warning  Empty block statement                                                      no-empty
  2:59283  warning  Expected a conditional expression and instead saw an assignment            no-cond-assign
  2:60452  warning  Expected a conditional expression and instead saw an assignment            no-cond-assign
  2:66084  warning  Expected a conditional expression and instead saw an assignment            no-cond-assign
  2:67827  warning  Expected a conditional expression and instead saw an assignment            no-cond-assign
  2:67893  warning  Expected a conditional expression and instead saw an assignment            no-cond-assign
  2:68197  warning  Expected a conditional expression and instead saw an assignment            no-cond-assign
  2:68263  warning  Expected a conditional expression and instead saw an assignment            no-cond-assign
  2:68670  warning  Expected a conditional expression and instead saw an assignment            no-cond-assign
  2:68947  warning  Expected a conditional expression and instead saw an assignment            no-cond-assign
  2:74372  warning  Expected a conditional expression and instead saw an assignment            no-cond-assign
  2:75966  warning  Expected a conditional expression and instead saw an assignment            no-cond-assign
  2:76746  warning  'r.href' is assigned to itself                                             no-self-assign
  2:81551  warning  Empty block statement                                                      no-empty
  2:84667  warning  Expected a conditional expression and instead saw an assignment            no-cond-assign
  2:89180  warning  'define' is not defined                                                    no-undef
  2:89192  warning  'define' is not defined                                                    no-undef

/home/runner/work/exp-forming-sentences-2-iiith/exp-forming-sentences-2-iiith/experiment/simulation/js/key_sharing.js
   3:2   warning  Mixed spaces and tabs                      no-mixed-spaces-and-tabs
   4:2   warning  Mixed spaces and tabs                      no-mixed-spaces-and-tabs
   5:2   warning  Mixed spaces and tabs                      no-mixed-spaces-and-tabs
   6:2   warning  Mixed spaces and tabs                      no-mixed-spaces-and-tabs
  22:10  warning  'nextPrime' is defined but never used      no-unused-vars
  29:10  warning  'nextGenerator' is defined but never used  no-unused-vars
  35:10  warning  'nextKeyA' is defined but never used       no-unused-vars
  39:10  warning  'calculateGA' is defined but never used    no-unused-vars
  44:10  warning  'sendA' is defined but never used          no-unused-vars
  48:10  warning  'calculateGAB' is defined but never used   no-unused-vars
  54:10  warning  'nextKeyB' is defined but never used       no-unused-vars
  58:10  warning  'calculateGB' is defined but never used    no-unused-vars
  63:10  warning  'sendB' is defined but never used          no-unused-vars
  67:10  warning  'calculateGBA' is defined but never used   no-unused-vars

/home/runner/work/exp-forming-sentences-2-iiith/exp-forming-sentences-2-iiith/experiment/simulation/js/main.js
  37:10  error  Parsing error: Identifier 'selectSize' has already been declared

/home/runner/work/exp-forming-sentences-2-iiith/exp-forming-sentences-2-iiith/experiment/simulation/js/npm.js
   2:1  warning  'require' is not defined  no-undef
   3:1  warning  'require' is not defined  no-undef
   4:1  warning  'require' is not defined  no-undef
   5:1  warning  'require' is not defined  no-undef
   6:1  warning  'require' is not defined  no-undef
   7:1  warning  'require' is not defined  no-undef
   8:1  warning  'require' is not defined  no-undef
   9:1  warning  'require' is not defined  no-undef
  10:1  warning  'require' is not defined  no-undef
  11:1  warning  'require' is not defined  no-undef
  12:1  warning  'require' is not defined  no-undef
  13:1  warning  'require' is not defined  no-undef

/home/runner/work/exp-forming-sentences-2-iiith/exp-forming-sentences-2-iiith/experiment/simulation/js/secure_cbc-mac.js
   10:1   warning  Mixed spaces and tabs                        no-mixed-spaces-and-tabs
   24:5   warning  'ret' is not defined                         no-undef
   25:9   warning  'i' is not defined                           no-undef
   25:14  warning  'i' is not defined                           no-undef
   25:21  warning  'i' is not defined                           no-undef
   26:9   warning  'ret' is not defined                         no-undef
   28:12  warning  'ret' is not defined                         no-undef
   55:10  warning  'next_plain_text' is defined but never used  no-unused-vars
   60:10  warning  'next_key' is defined but never used         no-unused-vars
   65:10  warning  'next_key2' is defined but never used        no-unused-vars
   70:10  warning  'next_IV' is defined but never used          no-unused-vars
   78:4   warning  Mixed spaces and tabs                        no-mixed-spaces-and-tabs
   90:9   warning  'i' is not defined                           no-undef
   90:13  warning  'i' is not defined                           no-undef
   90:17  warning  'i' is not defined                           no-undef
   91:31  warning  'i' is not defined                           no-undef
  120:10  warning  'apply_function' is defined but never used   no-unused-vars
  149:10  warning  'select' is defined but never used           no-unused-vars

/home/runner/work/exp-forming-sentences-2-iiith/exp-forming-sentences-2-iiith/experiment/simulation/js/vernam.js
    4:10  warning  'validKey' is defined but never used                  no-unused-vars
    5:5   warning  'key' is not defined                                  no-undef
    7:16  warning  'key' is not defined                                  no-undef
    8:6   warning  'key' is not defined                                  no-undef
    8:30  warning  'key' is not defined                                  no-undef
    9:1   warning  Mixed spaces and tabs                                 no-mixed-spaces-and-tabs
   12:14  warning  'key' is not defined                                  no-undef
   29:10  warning  'EQV' is defined but never used                       no-unused-vars
   53:10  warning  'Vernam_Encrypt' is defined but never used            no-unused-vars
   54:5   warning  'plaintext' is not defined                            no-undef
   55:5   warning  'key' is not defined                                  no-undef
   56:8   warning  'plaintext' is not defined                            no-undef
   57:8   warning  'key' is not defined                                  no-undef
   57:21  warning  'plaintext' is not defined                            no-undef
   58:5   warning  'ciphertext' is not defined                           no-undef
   59:9   warning  'i' is not defined                                    no-undef
   59:14  warning  'i' is not defined                                    no-undef
   59:16  warning  'plaintext' is not defined                            no-undef
   59:34  warning  'i' is not defined                                    no-undef
   60:9   warning  'ciphertext' is not defined                           no-undef
   60:27  warning  'plaintext' is not defined                            no-undef
   60:44  warning  'i' is not defined                                    no-undef
   60:48  warning  'key' is not defined                                  no-undef
   60:59  warning  'i' is not defined                                    no-undef
   62:42  warning  'ciphertext' is not defined                           no-undef
   65:10  warning  'Vernam_Decrypt' is defined but never used            no-unused-vars
   65:25  warning  'f' is defined but never used                         no-unused-vars
   66:5   warning  'ciphertext' is not defined                           no-undef
   67:5   warning  'key' is not defined                                  no-undef
   68:8   warning  'ciphertext' is not defined                           no-undef
   69:8   warning  'key' is not defined                                  no-undef
   69:21  warning  'ciphertext' is not defined                           no-undef
   70:5   warning  'plaintext' is not defined                            no-undef
   71:9   warning  'i' is not defined                                    no-undef
   71:14  warning  'i' is not defined                                    no-undef
   71:16  warning  'ciphertext' is not defined                           no-undef
   71:35  warning  'i' is not defined                                    no-undef
   72:9   warning  'plaintext' is not defined                            no-undef
   72:26  warning  'ciphertext' is not defined                           no-undef
   72:44  warning  'i' is not defined                                    no-undef
   72:48  warning  'key' is not defined                                  no-undef
   72:59  warning  'i' is not defined                                    no-undef
   74:42  warning  'plaintext' is not defined                            no-undef
   79:5   warning  'ret' is not defined                                  no-undef
   80:9   warning  'i' is not defined                                    no-undef
   80:14  warning  'i' is not defined                                    no-undef
   80:24  warning  'i' is not defined                                    no-undef
   81:9   warning  'ret' is not defined                                  no-undef
   83:12  warning  'ret' is not defined                                  no-undef
   88:9   warning  'i' is not defined                                    no-undef
   88:13  warning  'i' is not defined                                    no-undef
   88:26  warning  'i' is not defined                                    no-undef
   89:24  warning  'i' is not defined                                    no-undef
   90:1   warning  Mixed spaces and tabs                                 no-mixed-spaces-and-tabs
   93:1   warning  Mixed spaces and tabs                                 no-mixed-spaces-and-tabs
   99:10  warning  'Vernam_RandKey' is defined but never used            no-unused-vars
  100:5   warning  'plaintext' is not defined                            no-undef
  101:5   warning  'ciphertext' is not defined                           no-undef
  103:9   warning  'plaintext' is not defined                            no-undef
  103:28  warning  'ciphertext' is not defined                           no-undef
  104:11  warning  'plaintext' is not defined                            no-undef
  107:11  warning  'ciphertext' is not defined                           no-undef
  112:10  warning  'equalProbabilitySequence' is defined but never used  no-unused-vars
  113:5   warning  'randomSeq' is not defined                            no-undef
  114:5   warning  'equalProbSeq' is not defined                         no-undef
  114:41  warning  'randomSeq' is not defined                            no-undef
  115:5   warning  'seq' is not defined                                  no-undef
  116:9   warning  'i' is not defined                                    no-undef
  116:13  warning  'i' is not defined                                    no-undef
  116:19  warning  'i' is not defined                                    no-undef
  117:2   warning  'seq' is not defined                                  no-undef
  117:9   warning  'equalProbSeq' is not defined                         no-undef
  117:29  warning  'i' is not defined                                    no-undef
  119:12  warning  'seq' is not defined                                  no-undef
  124:9   warning  'i' is not defined                                    no-undef
  124:13  warning  'i' is not defined                                    no-undef
  124:30  warning  'i' is not defined                                    no-undef
  125:24  warning  'i' is not defined                                    no-undef
  158:1   warning  Mixed spaces and tabs                                 no-mixed-spaces-and-tabs
  161:1   warning  Mixed spaces and tabs                                 no-mixed-spaces-and-tabs
  172:10  warning  'next_plain_text' is defined but never used           no-unused-vars
  176:10  warning  'next_key' is defined but never used                  no-unused-vars
  177:5   warning  'key_len' is not defined                              no-undef
  178:72  warning  'key_len' is not defined                              no-undef
  181:10  warning  'check_key' is defined but never used                 no-unused-vars
  189:10  warning  'i' is not defined                                    no-undef
  189:14  warning  'i' is not defined                                    no-undef
  189:27  warning  'i' is not defined                                    no-undef
  190:17  warning  'i' is not defined                                    no-undef
  191:1   warning  Mixed spaces and tabs                                 no-mixed-spaces-and-tabs
  192:24  warning  'i' is not defined                                    no-undef
  193:1   warning  Mixed spaces and tabs                                 no-mixed-spaces-and-tabs
  195:1   warning  Mixed spaces and tabs                                 no-mixed-spaces-and-tabs
  196:4   warning  Mixed spaces and tabs                                 no-mixed-spaces-and-tabs
  206:10  warning  'Encrypt_p' is defined but never used                 no-unused-vars
  215:10  warning  'Next_Vernam_Test' is defined but never used          no-unused-vars
  217:5   warning  'key_len' is not defined                              no-undef
  218:72  warning  'key_len' is not defined                              no-undef
  238:1   warning  Mixed spaces and tabs                                 no-mixed-spaces-and-tabs
  245:6   warning  'temp_binary_num' is already defined                  no-redeclare
  248:1   warning  Mixed spaces and tabs                                 no-mixed-spaces-and-tabs
  255:10  warning  'generate_all_pairs' is defined but never used        no-unused-vars
  269:2   warning  'crypted_text' is not defined                         no-undef
  270:44  warning  'crypted_text' is not defined                         no-undef
  275:10  warning  'checkAnswer' is defined but never used               no-unused-vars

✖ 535 problems (1 error, 534 warnings)
  0 errors and 3 warnings potentially fixable with the `--fix` option.

